<?xml version="1.0" encoding="UTF-8"?>
<!-- Generated by org.testng.reporters.JUnitXMLReporter -->
<testsuite ignored="0" hostname="DESKTOP-3Q09JMR" failures="0" tests="2" name="Default test" time="0.178" errors="0" timestamp="2022-02-11T17:18:55 IST">
  <testcase classname="testClass.ActiTimeAppNg" name="@BeforeClass launchTheBrowser" time="-1.644580135006E9">
    <failure type="org.testng.TestNGException" message="
Parameter &amp;apos;browser&amp;apos; is required by BeforeClass on method launchTheBrowser but has not been marked @Optional or defined
in C:\Users\User\AppData\Local\Temp\testng-eclipse--1667375401\testng-customsuite.xml">
      <![CDATA[org.testng.TestNGException: 
Parameter 'browser' is required by BeforeClass on method launchTheBrowser but has not been marked @Optional or defined
in C:\Users\User\AppData\Local\Temp\testng-eclipse--1667375401\testng-customsuite.xml
at org.testng.internal.Parameters.createParams(Parameters.java:267)
at org.testng.internal.Parameters.createParametersForMethod(Parameters.java:355)
at org.testng.internal.Parameters.createParameters(Parameters.java:660)
at org.testng.internal.Parameters.createConfigurationParameters(Parameters.java:166)
at org.testng.internal.invokers.ConfigInvoker.invokeConfigurations(ConfigInvoker.java:300)
at org.testng.internal.invokers.TestMethodWorker.invokeBeforeClassMethods(TestMethodWorker.java:178)
at org.testng.internal.invokers.TestMethodWorker.run(TestMethodWorker.java:122)
at java.base/java.util.ArrayList.forEach(ArrayList.java:1511)
at org.testng.TestRunner.privateRun(TestRunner.java:808)
at org.testng.TestRunner.run(TestRunner.java:603)
at org.testng.SuiteRunner.runTest(SuiteRunner.java:429)
at org.testng.SuiteRunner.runSequentially(SuiteRunner.java:423)
at org.testng.SuiteRunner.privateRun(SuiteRunner.java:383)
at org.testng.SuiteRunner.run(SuiteRunner.java:326)
at org.testng.SuiteRunnerWorker.runSuite(SuiteRunnerWorker.java:52)
at org.testng.SuiteRunnerWorker.run(SuiteRunnerWorker.java:95)
at org.testng.TestNG.runSuitesSequentially(TestNG.java:1249)
at org.testng.TestNG.runSuitesLocally(TestNG.java:1169)
at org.testng.TestNG.runSuites(TestNG.java:1092)
at org.testng.TestNG.run(TestNG.java:1060)
at org.testng.remote.AbstractRemoteTestNG.run(AbstractRemoteTestNG.java:115)
at org.testng.remote.RemoteTestNG.initAndRun(RemoteTestNG.java:251)
at org.testng.remote.RemoteTestNG.main(RemoteTestNG.java:77)
]]>
    </failure>
  </testcase> <!-- @BeforeClass launchTheBrowser -->
  <testcase classname="testClass.ActiTimeAppNg" name="@BeforeMethod LoginIntoActiTime" time="0.0">
    <skipped/>
  </testcase> <!-- @BeforeMethod LoginIntoActiTime -->
  <testcase classname="testClass.ActiTimeAppNg" name="@AfterMethod LogoutFromActiTime" time="0.0">
    <skipped/>
  </testcase> <!-- @AfterMethod LogoutFromActiTime -->
  <testcase classname="testClass.ActiTimeAppNg" name="@BeforeMethod LoginIntoActiTime" time="0.0">
    <skipped/>
  </testcase> <!-- @BeforeMethod LoginIntoActiTime -->
  <testcase classname="testClass.ActiTimeAppNg" name="@AfterMethod LogoutFromActiTime" time="0.0">
    <skipped/>
  </testcase> <!-- @AfterMethod LogoutFromActiTime -->
  <testcase classname="testClass.ActiTimeAppNg" name="@AfterClass ConnectionClosed" time="0.0">
    <skipped/>
  </testcase> <!-- @AfterClass ConnectionClosed -->
  <testcase classname="testClass.ActiTimeAppNg" name="AddUser" time="0.0">
    <skipped/>
  </testcase> <!-- AddUser -->
  <testcase classname="testClass.ActiTimeAppNg" name="CloseUserBtnValidation" time="0.0">
    <skipped/>
  </testcase> <!-- CloseUserBtnValidation -->
</testsuite> <!-- Default test -->
